TN:
SF:src/app/app.component.ts
FNF:0
FNH:0
DA:1,0
DA:3,0
DA:20,0
DA:21,0
LF:4
LH:0
BRF:0
BRH:0
end_of_record
TN:
SF:src/app/app.routes.ts
FN:4,(anonymous_9)
FN:4,(anonymous_10)
FN:4,(anonymous_11)
FN:5,(anonymous_12)
FN:5,(anonymous_13)
FN:5,(anonymous_14)
FNF:6
FNH:0
FNDA:0,(anonymous_9)
FNDA:0,(anonymous_10)
FNDA:0,(anonymous_11)
FNDA:0,(anonymous_12)
FNDA:0,(anonymous_13)
FNDA:0,(anonymous_14)
DA:3,0
DA:4,0
DA:5,0
LF:3
LH:0
BRF:0
BRH:0
end_of_record
TN:
SF:src/app/core/services/course.service.ts
FN:18,(anonymous_7)
FN:19,(anonymous_8)
FN:22,(anonymous_9)
FN:31,(anonymous_10)
FN:35,(anonymous_11)
FN:42,(anonymous_12)
FN:44,(anonymous_13)
FN:51,(anonymous_14)
FN:52,(anonymous_15)
FN:53,(anonymous_16)
FNF:10
FNH:10
FNDA:1,(anonymous_7)
FNDA:3,(anonymous_8)
FNDA:3,(anonymous_9)
FNDA:2,(anonymous_10)
FNDA:1,(anonymous_11)
FNDA:2,(anonymous_12)
FNDA:1,(anonymous_13)
FNDA:1,(anonymous_14)
FNDA:1,(anonymous_15)
FNDA:2,(anonymous_16)
DA:1,3
DA:2,3
DA:3,3
DA:5,3
DA:7,3
DA:8,6
DA:9,7
DA:10,7
DA:13,7
DA:14,7
DA:15,7
DA:18,7
DA:19,3
DA:23,3
DA:24,3
DA:26,3
DA:30,3
DA:32,2
DA:33,2
DA:36,1
DA:37,1
DA:43,2
DA:45,1
DA:46,1
DA:52,1
DA:53,2
LF:26
LH:26
BRDA:26,0,0,1
BRDA:26,0,1,2
BRDA:36,1,0,1
BRDA:36,1,1,0
BRDA:45,2,0,1
BRDA:45,2,1,0
BRDA:53,3,0,1
BRDA:53,3,1,1
BRF:8
BRH:6
end_of_record
TN:
SF:src/app/core/services/enrollment.service.ts
FN:17,(anonymous_7)
FN:23,(anonymous_8)
FN:28,(anonymous_9)
FN:33,(anonymous_10)
FNF:4
FNH:4
FNDA:5,(anonymous_7)
FNDA:3,(anonymous_8)
FNDA:3,(anonymous_9)
FNDA:3,(anonymous_10)
DA:1,3
DA:2,3
DA:3,3
DA:5,3
DA:7,3
DA:8,6
DA:9,11
DA:10,11
DA:13,11
DA:14,11
DA:15,11
DA:18,5
DA:19,5
DA:20,5
DA:22,5
DA:24,3
DA:25,3
DA:26,3
DA:27,3
DA:28,3
DA:34,3
DA:35,1
DA:37,2
DA:38,1
DA:40,1
DA:41,1
DA:43,0
LF:27
LH:26
BRDA:34,0,0,1
BRDA:35,1,0,1
BRDA:35,1,1,0
BRDA:35,2,0,0
BRDA:35,2,1,1
BRDA:35,3,0,1
BRDA:35,3,1,1
BRDA:37,4,0,1
BRDA:38,5,0,1
BRDA:38,5,1,0
BRDA:38,6,0,0
BRDA:38,6,1,1
BRDA:38,7,0,1
BRDA:38,7,1,1
BRDA:40,8,0,1
BRDA:41,9,0,1
BRDA:41,9,1,0
BRDA:41,10,0,0
BRDA:41,10,1,1
BRDA:41,11,0,1
BRDA:41,11,1,1
BRDA:43,12,0,0
BRDA:43,12,1,0
BRDA:43,13,0,0
BRDA:43,13,1,0
BRDA:43,14,0,0
BRDA:43,14,1,0
BRF:27
BRH:15
end_of_record
TN:
SF:src/app/features/courses/course-catalog.component.ts
FN:118,(anonymous_7)
FN:123,(anonymous_8)
FN:126,(anonymous_9)
FN:130,(anonymous_10)
FN:139,(anonymous_11)
FN:143,(anonymous_12)
FNF:6
FNH:6
FNDA:5,(anonymous_7)
FNDA:2,(anonymous_8)
FNDA:7,(anonymous_9)
FNDA:3,(anonymous_10)
FNDA:1,(anonymous_11)
FNDA:7,(anonymous_12)
DA:1,1
DA:2,1
DA:3,1
DA:4,1
DA:5,1
DA:7,1
DA:109,2
DA:110,12
DA:111,12
DA:114,12
DA:115,12
DA:118,12
DA:119,5
DA:120,5
DA:122,5
DA:123,2
DA:127,7
DA:131,3
DA:132,3
DA:133,2
DA:135,1
DA:140,1
DA:144,7
DA:146,5
DA:148,1
DA:150,1
DA:152,0
LF:27
LH:26
BRDA:122,0,0,3
BRDA:132,1,0,2
BRDA:132,1,1,1
BRDA:144,2,0,5
BRDA:144,2,1,1
BRDA:144,2,2,1
BRDA:144,2,3,0
BRF:7
BRH:6
end_of_record
TN:
SF:src/app/features/courses/course-detail.component.ts
FN:103,(anonymous_7)
FN:110,(anonymous_8)
FN:115,(anonymous_9)
FN:119,(anonymous_10)
FN:126,(anonymous_11)
FN:133,(anonymous_12)
FN:137,(anonymous_13)
FNF:7
FNH:7
FNDA:4,(anonymous_7)
FNDA:6,(anonymous_8)
FNDA:5,(anonymous_9)
FNDA:1,(anonymous_10)
FNDA:1,(anonymous_11)
FNDA:1,(anonymous_12)
FNDA:5,(anonymous_13)
DA:1,1
DA:2,1
DA:3,1
DA:4,1
DA:5,1
DA:6,1
DA:8,1
DA:93,2
DA:94,11
DA:95,11
DA:96,11
DA:98,11
DA:99,11
DA:100,11
DA:101,11
DA:104,4
DA:105,4
DA:106,3
DA:111,6
DA:112,6
DA:114,6
DA:116,5
DA:117,5
DA:120,1
DA:121,1
DA:127,1
DA:128,1
DA:129,1
DA:134,1
DA:138,5
DA:140,3
DA:142,1
DA:144,1
DA:146,0
LF:34
LH:33
BRDA:105,0,0,3
BRDA:120,1,0,1
BRDA:120,1,1,0
BRDA:120,2,0,0
BRDA:120,2,1,1
BRDA:120,3,0,1
BRDA:120,3,1,1
BRDA:127,4,0,0
BRDA:127,4,1,1
BRDA:127,5,0,1
BRDA:127,5,1,1
BRDA:128,6,0,1
BRDA:138,7,0,3
BRDA:138,7,1,1
BRDA:138,7,2,1
BRDA:138,7,3,0
BRF:16
BRH:12
end_of_record
TN:
SF:src/app/features/courses/enrollment-form.component.ts
FN:95,(anonymous_7)
FN:104,(anonymous_8)
FN:110,(anonymous_9)
FNF:3
FNH:3
FNDA:5,(anonymous_7)
FNDA:3,(anonymous_8)
FNDA:1,(anonymous_9)
DA:1,2
DA:2,2
DA:3,2
DA:4,2
DA:7,2
DA:83,4
DA:85,15
DA:87,15
DA:88,15
DA:90,15
DA:96,5
DA:97,4
DA:103,4
DA:105,3
DA:106,3
DA:107,3
DA:108,3
LF:17
LH:17
BRDA:96,0,0,4
BRF:1
BRH:1
end_of_record
TN:
SF:src/app/shared/testing/course-test-data.ts
FN:3,(anonymous_0)
FN:16,(anonymous_1)
FN:17,(anonymous_2)
FNF:3
FNH:3
FNDA:39,(anonymous_0)
FNDA:3,(anonymous_1)
FNDA:8,(anonymous_2)
DA:1,3
DA:3,39
DA:16,3
DA:17,3
DA:18,8
DA:26,3
DA:32,3
DA:38,3
DA:44,3
LF:9
LH:9
BRF:0
BRH:0
end_of_record
TN:
SF:src/app/shared/testing/test-utils.ts
FN:6,(anonymous_0)
FN:19,(anonymous_1)
FN:19,(anonymous_2)
FNF:3
FNH:0
FNDA:0,(anonymous_0)
FNDA:0,(anonymous_1)
FNDA:0,(anonymous_2)
DA:2,0
DA:3,0
DA:4,0
DA:6,0
DA:7,0
DA:19,0
LF:6
LH:0
BRDA:6,0,0,0
BRF:1
BRH:0
end_of_record
